#
# A fatal error has been detected by the Java Runtime Environment:
#
#  EXCEPTION_PRIV_INSTRUCTION (0xc0000096) at pc=0x6fe1efd7, pid=912, tid=2292
#
# JRE version: 6.0_16-b01
# Java VM: Java HotSpot(TM) Client VM (14.2-b01 mixed mode, sharing windows-x86 )
# Problematic frame:
# C  [clbr18.dll+0x1efd7]
#
# If you would like to submit a bug report, please visit:
#   http://java.sun.com/webapps/bugreport/crash.jsp
# The crash happened outside the Java Virtual Machine in native code.
# See problematic frame for where to report the bug.
#

---------------  T H R E A D  ---------------

Current thread (0x00366800):  JavaThread "main" [_thread_in_native, id=2292, stack(0x003a0000,0x003f0000)]

siginfo: ExceptionCode=0xc0000096

Registers:
EAX=0x00000301, EBX=0x26a24ed8, ECX=0x00000378, EDX=0x00000378
ESP=0x003efc70, EBP=0x003efc78, ESI=0x26a24ed8, EDI=0x00366800
EIP=0x6fe1efd7, EFLAGS=0x00010283

Top of Stack: (sp=0x003efc70)
0x003efc70:   00366910 02e7102a 003efcb0 009b9e37
0x003efc80:   00366910 003efcb8 00000378 00000001
0x003efc90:   003efc90 26a24ed8 003efcc4 26a25178
0x003efca0:   00000000 26a24ed8 00000000 003efcc0
0x003efcb0:   003efce8 009b2da1 26a25118 009b8269
0x003efcc0:   00000001 00000378 003efcc8 26a2467f
0x003efcd0:   003efcf0 26a24888 00000000 26a24688
0x003efce0:   003efcc0 003efcf0 003efd0c 009b02cb 

Instructions: (pc=0x6fe1efd7)
0x6fe1efc7:   66 ef 59 c3 00 00 00 00 00 51 89 c1 88 d0 89 ca
0x6fe1efd7:   ee 59 c3 00 00 00 00 00 00 52 89 c2 ed 5a c3 00 


Stack: [0x003a0000,0x003f0000],  sp=0x003efc70,  free space=319k
Native frames: (J=compiled Java code, j=interpreted, Vv=VM code, C=native code)
C  [clbr18.dll+0x1efd7]
j  port.Port.out(II)V+0
j  Led1.main([Ljava/lang/String;)V+7
v  ~StubRoutines::call_stub
V  [jvm.dll+0xecf9c]
V  [jvm.dll+0x1741e1]
V  [jvm.dll+0xed01d]
V  [jvm.dll+0xf5be5]
V  [jvm.dll+0xfd83d]
C  [java.exe+0x2155]
C  [java.exe+0x82ce]
C  [kernel32.dll+0xb713]

Java frames: (J=compiled Java code, j=interpreted, Vv=VM code)
j  port.Port.out(II)V+0
j  Led1.main([Ljava/lang/String;)V+7
v  ~StubRoutines::call_stub

---------------  P R O C E S S  ---------------

Java Threads: ( => current thread )
  0x02b59000 JavaThread "Low Memory Detector" daemon [_thread_blocked, id=3084, stack(0x02dd0000,0x02e20000)]
  0x02b55400 JavaThread "CompilerThread0" daemon [_thread_blocked, id=1924, stack(0x02d80000,0x02dd0000)]
  0x02b51400 JavaThread "Attach Listener" daemon [_thread_blocked, id=2352, stack(0x02d30000,0x02d80000)]
  0x02b50000 JavaThread "Signal Dispatcher" daemon [_thread_blocked, id=2680, stack(0x02ce0000,0x02d30000)]
  0x02b11400 JavaThread "Finalizer" daemon [_thread_blocked, id=2064, stack(0x02c90000,0x02ce0000)]
  0x02b0c800 JavaThread "Reference Handler" daemon [_thread_blocked, id=2056, stack(0x02c40000,0x02c90000)]
=>0x00366800 JavaThread "main" [_thread_in_native, id=2292, stack(0x003a0000,0x003f0000)]

Other Threads:
  0x02b0b000 VMThread [stack: 0x02bf0000,0x02c40000] [id=640]
  0x02b63400 WatcherThread [stack: 0x02e20000,0x02e70000] [id=2388]

VM state:not at safepoint (normal execution)

VM Mutex/Monitor currently owned by a thread: None

Heap
 def new generation   total 960K, used 199K [0x22a20000, 0x22b20000, 0x22f00000)
  eden space 896K,  22% used [0x22a20000, 0x22a51fd8, 0x22b00000)
  from space 64K,   0% used [0x22b00000, 0x22b00000, 0x22b10000)
  to   space 64K,   0% used [0x22b10000, 0x22b10000, 0x22b20000)
 tenured generation   total 4096K, used 0K [0x22f00000, 0x23300000, 0x26a20000)
   the space 4096K,   0% used [0x22f00000, 0x22f00000, 0x22f00200, 0x23300000)
 compacting perm gen  total 12288K, used 20K [0x26a20000, 0x27620000, 0x2aa20000)
   the space 12288K,   0% used [0x26a20000, 0x26a25238, 0x26a25400, 0x27620000)
    ro space 8192K,  67% used [0x2aa20000, 0x2af89040, 0x2af89200, 0x2b220000)
    rw space 12288K,  54% used [0x2b220000, 0x2b89d348, 0x2b89d400, 0x2be20000)

Dynamic libraries:
0x00400000 - 0x00424000 	C:\Archivos de programa\Java\jdk1.6.0_16\bin\java.exe
0x7c910000 - 0x7c9c5000 	C:\WINDOWS\system32\ntdll.dll
0x7c800000 - 0x7c903000 	C:\WINDOWS\system32\kernel32.dll
0x77da0000 - 0x77e4c000 	C:\WINDOWS\system32\ADVAPI32.dll
0x77e50000 - 0x77ee2000 	C:\WINDOWS\system32\RPCRT4.dll
0x77fc0000 - 0x77fd1000 	C:\WINDOWS\system32\Secur32.dll
0x7c340000 - 0x7c396000 	C:\Archivos de programa\Java\jdk1.6.0_16\jre\bin\msvcr71.dll
0x6d8b0000 - 0x6db3b000 	C:\Archivos de programa\Java\jdk1.6.0_16\jre\bin\client\jvm.dll
0x7e390000 - 0x7e421000 	C:\WINDOWS\system32\USER32.dll
0x77ef0000 - 0x77f39000 	C:\WINDOWS\system32\GDI32.dll
0x76b00000 - 0x76b2e000 	C:\WINDOWS\system32\WINMM.dll
0x76340000 - 0x7635d000 	C:\WINDOWS\system32\IMM32.DLL
0x6d860000 - 0x6d86c000 	C:\Archivos de programa\Java\jdk1.6.0_16\jre\bin\verify.dll
0x6d3e0000 - 0x6d3ff000 	C:\Archivos de programa\Java\jdk1.6.0_16\jre\bin\java.dll
0x6d340000 - 0x6d348000 	C:\Archivos de programa\Java\jdk1.6.0_16\jre\bin\hpi.dll
0x76bb0000 - 0x76bbb000 	C:\WINDOWS\system32\PSAPI.DLL
0x6d8a0000 - 0x6d8af000 	C:\Archivos de programa\Java\jdk1.6.0_16\jre\bin\zip.dll
0x02e70000 - 0x02e77000 	C:\Documents and Settings\Administrador\Mis documentos\Descargas\Java Port\Java Port\Examples\Port.dll
0x6fe00000 - 0x6fe45000 	C:\Documents and Settings\Administrador\Mis documentos\Descargas\Java Port\Java Port\Examples\clbr18.dll

VM Arguments:
java_command: Led1
Launcher Type: SUN_STANDARD

Environment Variables:
CLASSPATH=.;C:\Archivos de programa\Java\jre6\lib\ext\QTJava.zip
PATH=C:\WINDOWS\system32;C:\WINDOWS;C:\WINDOWS\System32\Wbem;C:\Archivos de programa\Java\jdk1.6.0_16\bin;C:\Archivos de programa\QuickTime\QTSystem\;C:\WATCOM\BINNT;C:\WATCOM\BINW
USERNAME=Administrador
OS=Windows_NT
PROCESSOR_IDENTIFIER=x86 Family 6 Model 15 Stepping 10, GenuineIntel



---------------  S Y S T E M  ---------------

OS: Windows XP Build 2600 Service Pack 3

CPU:total 2 (2 cores per cpu, 1 threads per core) family 6 model 15 stepping 10, cmov, cx8, fxsr, mmx, sse, sse2, sse3, ssse3

Memory: 4k page, physical 2086880k(1329204k free), swap 4028812k(3194584k free)

vm_info: Java HotSpot(TM) Client VM (14.2-b01) for windows-x86 JRE (1.6.0_16-b01), built on Jul 31 2009 11:26:58 by "java_re" with MS VC++ 7.1

time: Fri Dec 11 18:54:47 2009
elapsed time: 0 seconds

